#
# A fatal error has been detected by the Java Runtime Environment:
#
#  Internal Error (ad_x86_64.cpp:1001), pid=5420, tid=0x0000000000001d30
#  Error: Unimplemented()
#
# JRE version: Java(TM) SE Runtime Environment (8.0_92-b14) (build 1.8.0_92-b14)
# Java VM: Java HotSpot(TM) 64-Bit Server VM (25.92-b14 mixed mode windows-amd64 compressed oops)
# Failed to write core dump. Minidumps are not enabled by default on client versions of Windows
#
# If you would like to submit a bug report, please visit:
#   http://bugreport.java.com/bugreport/crash.jsp
#

---------------  T H R E A D  ---------------

Current thread (0x000000001508b800):  JavaThread "C2 CompilerThread1" daemon [_thread_in_native, id=7472, stack(0x0000000016760000,0x0000000016860000)]

Stack: [0x0000000016760000,0x0000000016860000]
[error occurred during error reporting (printing stack bounds), id 0xc0000005]

Native frames: (J=compiled Java code, j=interpreted, Vv=VM code, C=native code)


Current CompileTask:
C2:   4901 1480       4       com.android.dx.ssa.SsaRenamer$1::visitBlock (16 bytes)


---------------  P R O C E S S  ---------------

Java Threads: ( => current thread )
  0x0000000016bd1000 JavaThread "pool-2-thread-4" [_thread_in_Java, id=7504, stack(0x0000000017360000,0x0000000017460000)]
  0x0000000016bd0000 JavaThread "pool-2-thread-3" [_thread_in_Java, id=7392, stack(0x0000000017260000,0x0000000017360000)]
  0x0000000016bcf800 JavaThread "pool-2-thread-2" [_thread_in_Java, id=7972, stack(0x0000000017160000,0x0000000017260000)]
  0x0000000016b41000 JavaThread "pool-3-thread-1" [_thread_blocked, id=7336, stack(0x0000000017060000,0x0000000017160000)]
  0x0000000016b40800 JavaThread "pool-2-thread-1" [_thread_in_Java, id=7176, stack(0x0000000016f60000,0x0000000017060000)]
  0x0000000016867000 JavaThread "Service Thread" daemon [_thread_blocked, id=7528, stack(0x0000000016d60000,0x0000000016e60000)]
  0x000000001508e800 JavaThread "C1 CompilerThread2" daemon [_thread_blocked, id=7020, stack(0x0000000016c60000,0x0000000016d60000)]
=>0x000000001508b800 JavaThread "C2 CompilerThread1" daemon [_thread_in_native, id=7472, stack(0x0000000016760000,0x0000000016860000)]
  0x000000001502f800 JavaThread "C2 CompilerThread0" daemon [_thread_in_native, id=7760, stack(0x0000000016660000,0x0000000016760000)]
  0x000000001502d800 JavaThread "Attach Listener" daemon [_thread_blocked, id=2644, stack(0x0000000016560000,0x0000000016660000)]
  0x000000001502a800 JavaThread "Signal Dispatcher" daemon [_thread_blocked, id=4344, stack(0x0000000016460000,0x0000000016560000)]
  0x000000000295b800 JavaThread "Finalizer" daemon [_thread_blocked, id=5380, stack(0x0000000016280000,0x0000000016380000)]
  0x000000000294f800 JavaThread "Reference Handler" daemon [_thread_blocked, id=7592, stack(0x0000000016180000,0x0000000016280000)]
  0x0000000002860800 JavaThread "main" [_thread_in_Java, id=6012, stack(0x0000000002760000,0x0000000002860000)]

Other Threads:
  0x0000000014ff8000 VMThread [stack: 0x0000000016080000,0x0000000016180000] [id=5828]
  0x000000001687c000 WatcherThread [stack: 0x0000000016e60000,0x0000000016f60000] [id=7960]

VM state:not at safepoint (normal execution)

VM Mutex/Monitor currently owned by a thread: None

Heap:
 PSYoungGen      total 70656K, used 32187K [0x00000000eab00000, 0x00000000ef500000, 0x0000000100000000)
  eden space 65536K, 41% used [0x00000000eab00000,0x00000000ec5757c8,0x00000000eeb00000)
  from space 5120K, 99% used [0x00000000ef000000,0x00000000ef4f9560,0x00000000ef500000)
  to   space 5120K, 0% used [0x00000000eeb00000,0x00000000eeb00000,0x00000000ef000000)
 ParOldGen       total 86016K, used 4981K [0x00000000c0000000, 0x00000000c5400000, 0x00000000eab00000)
  object space 86016K, 5% used [0x00000000c0000000,0x00000000c04dd5f8,0x00000000c5400000)
 Metaspace       used 6265K, capacity 7154K, committed 7296K, reserved 1056768K
  class space    used 604K, capacity 618K, committed 640K, reserved 1048576K

Card table byte_map: [0x0000000011d20000,0x0000000011f30000] byte_map_base: 0x0000000011720000

Marking Bits: (ParMarkBitMap*) 0x00000000655264f0
 Begin Bits: [0x0000000012490000, 0x0000000013490000)
 End Bits:   [0x0000000013490000, 0x0000000014490000)

Polling page: 0x0000000000ec0000

CodeCache: size=245760Kb used=7089Kb max_used=7103Kb free=238670Kb
 bounds [0x0000000002960000, 0x0000000003060000, 0x0000000011960000]
 total_blobs=1913 nmethods=1642 adapters=182
 compilation: enabled

Compilation events (10 events):
Event: 4.787 Thread 0x000000001508e800 nmethod 1640 0x000000000303b9d0 code [0x000000000303bb40, 0x000000000303bd08]
Event: 4.787 Thread 0x000000001508e800 1641       3       com.android.dx.command.dexer.Main::access$1400 (4 bytes)
Event: 4.787 Thread 0x000000001508e800 nmethod 1641 0x000000000302ed50 code [0x000000000302eea0, 0x000000000302eff0]
Event: 4.798 Thread 0x000000001508e800 1643       3       com.android.dx.cf.cst.ConstantPoolParser::parse (365 bytes)
Event: 4.801 Thread 0x000000001508e800 nmethod 1643 0x000000000303e3d0 code [0x000000000303e940, 0x0000000003041e48]
Event: 4.802 Thread 0x000000001508e800 1646       1       com.android.dx.rop.cst.TypedConstant::getFrameType (2 bytes)
Event: 4.802 Thread 0x000000001508e800 nmethod 1646 0x0000000003038d90 code [0x0000000003038ee0, 0x0000000003038ff0]
Event: 4.803 Thread 0x000000001508e800 1647       2       com.android.dx.rop.annotation.Annotation::put (32 bytes)
Event: 4.803 Thread 0x000000001508e800 nmethod 1647 0x0000000003038710 code [0x00000000030388a0, 0x0000000003038ba8]
Event: 4.805 Thread 0x000000001508e800 1648       2       com.android.dx.ssa.SCCP::simulateStmt (481 bytes)

GC Heap History (4 events):
Event: 2.459 GC heap before
{Heap before GC invocations=1 (full 0):
 PSYoungGen      total 37888K, used 32768K [0x00000000eab00000, 0x00000000ed500000, 0x0000000100000000)
  eden space 32768K, 100% used [0x00000000eab00000,0x00000000ecb00000,0x00000000ecb00000)
  from space 5120K, 0% used [0x00000000ed000000,0x00000000ed000000,0x00000000ed500000)
  to   space 5120K, 0% used [0x00000000ecb00000,0x00000000ecb00000,0x00000000ed000000)
 ParOldGen       total 86016K, used 0K [0x00000000c0000000, 0x00000000c5400000, 0x00000000eab00000)
  object space 86016K, 0% used [0x00000000c0000000,0x00000000c0000000,0x00000000c5400000)
 Metaspace       used 6042K, capacity 6962K, committed 7040K, reserved 1056768K
  class space    used 603K, capacity 618K, committed 640K, reserved 1048576K
Event: 2.717 GC heap after
Heap after GC invocations=1 (full 0):
 PSYoungGen      total 37888K, used 5112K [0x00000000eab00000, 0x00000000ef500000, 0x0000000100000000)
  eden space 32768K, 0% used [0x00000000eab00000,0x00000000eab00000,0x00000000ecb00000)
  from space 5120K, 99% used [0x00000000ecb00000,0x00000000ecffe2f8,0x00000000ed000000)
  to   space 5120K, 0% used [0x00000000ef000000,0x00000000ef000000,0x00000000ef500000)
 ParOldGen       total 86016K, used 1036K [0x00000000c0000000, 0x00000000c5400000, 0x00000000eab00000)
  object space 86016K, 1% used [0x00000000c0000000,0x00000000c0103030,0x00000000c5400000)
 Metaspace       used 6042K, capacity 6962K, committed 7040K, reserved 1056768K
  class space    used 603K, capacity 618K, committed 640K, reserved 1048576K
}
Event: 4.358 GC heap before
{Heap before GC invocations=2 (full 0):
 PSYoungGen      total 37888K, used 37880K [0x00000000eab00000, 0x00000000ef500000, 0x0000000100000000)
  eden space 32768K, 100% used [0x00000000eab00000,0x00000000ecb00000,0x00000000ecb00000)
  from space 5120K, 99% used [0x00000000ecb00000,0x00000000ecffe2f8,0x00000000ed000000)
  to   space 5120K, 0% used [0x00000000ef000000,0x00000000ef000000,0x00000000ef500000)
 ParOldGen       total 86016K, used 1036K [0x00000000c0000000, 0x00000000c5400000, 0x00000000eab00000)
  object space 86016K, 1% used [0x00000000c0000000,0x00000000c0103030,0x00000000c5400000)
 Metaspace       used 6214K, capacity 7090K, committed 7296K, reserved 1056768K
  class space    used 604K, capacity 618K, committed 640K, reserved 1048576K
Event: 4.573 GC heap after
Heap after GC invocations=2 (full 0):
 PSYoungGen      total 70656K, used 5093K [0x00000000eab00000, 0x00000000ef500000, 0x0000000100000000)
  eden space 65536K, 0% used [0x00000000eab00000,0x00000000eab00000,0x00000000eeb00000)
  from space 5120K, 99% used [0x00000000ef000000,0x00000000ef4f9560,0x00000000ef500000)
  to   space 5120K, 0% used [0x00000000eeb00000,0x00000000eeb00000,0x00000000ef000000)
 ParOldGen       total 86016K, used 4981K [0x00000000c0000000, 0x00000000c5400000, 0x00000000eab00000)
  object space 86016K, 5% used [0x00000000c0000000,0x00000000c04dd5f8,0x00000000c5400000)
 Metaspace       used 6214K, capacity 7090K, committed 7296K, reserved 1056768K
  class space    used 604K, capacity 618K, committed 640K, reserved 1048576K
}

Deoptimization events (10 events):
Event: 3.400 Thread 0x0000000016bcf800 Uncommon trap: reason=unstable_if action=reinterpret pc=0x0000000002c4421c method=com.android.dx.rop.cst.Constant.compareTo(Lcom/android/dx/rop/cst/Constant;)I @ 12
Event: 3.840 Thread 0x0000000016bcf800 Uncommon trap: reason=unstable_if action=reinterpret pc=0x0000000002f2f564 method=com.android.dx.rop.code.RegisterSpecSet.localItemToSpec(Lcom/android/dx/rop/code/LocalItem;)Lcom/android/dx/rop/code/RegisterSpec; @ 35
Event: 4.591 Thread 0x0000000016bd1000 Uncommon trap: reason=uninitialized action=reinterpret pc=0x0000000002e9f4b4 method=com.android.dx.cf.code.BytecodeArray.parseInstruction(ILcom/android/dx/cf/code/BytecodeArray$Visitor;)I @ 999
Event: 4.695 Thread 0x0000000002860800 Uncommon trap: reason=unloaded action=reinterpret pc=0x0000000002dab1d4 method=com.android.dx.cf.cst.ConstantPoolParser.parse0(ILjava/util/BitSet;)Lcom/android/dx/rop/cst/Constant; @ 198
Event: 4.762 Thread 0x0000000016b40800 Uncommon trap: reason=bimorphic action=maybe_recompile pc=0x0000000003033548 method=com.android.dx.ssa.SCCP.setLatticeValueTo(IILcom/android/dx/rop/cst/Constant;)Z @ 43
Event: 4.763 Thread 0x0000000016b40800 Uncommon trap: reason=bimorphic action=maybe_recompile pc=0x0000000003033548 method=com.android.dx.ssa.SCCP.setLatticeValueTo(IILcom/android/dx/rop/cst/Constant;)Z @ 43
Event: 4.798 Thread 0x0000000016bcf800 Uncommon trap: reason=bimorphic action=maybe_recompile pc=0x0000000003033548 method=com.android.dx.ssa.SCCP.setLatticeValueTo(IILcom/android/dx/rop/cst/Constant;)Z @ 43
Event: 4.805 Thread 0x0000000016bcf800 Uncommon trap: reason=unstable_if action=reinterpret pc=0x0000000002e98004 method=com.android.dx.ssa.SCCP.simulateStmt(Lcom/android/dx/ssa/SsaInsn;)V @ 53
Event: 4.806 Thread 0x0000000016bcf800 Uncommon trap: reason=bimorphic action=maybe_recompile pc=0x0000000003033454 method=com.android.dx.ssa.SCCP.simulatePhi(Lcom/android/dx/ssa/PhiInsn;)V @ 124
Event: 4.806 Thread 0x0000000016bcf800 Uncommon trap: reason=bimorphic action=maybe_recompile pc=0x0000000003033454 method=com.android.dx.ssa.SCCP.simulatePhi(Lcom/android/dx/ssa/PhiInsn;)V @ 124

Internal exceptions (2 events):
Event: 0.047 Thread 0x0000000002860800 Exception <a 'java/lang/NoSuchMethodError': Method sun.misc.Unsafe.defineClass(Ljava/lang/String;[BII)Ljava/lang/Class; name or signature does not match> (0x00000000eab07cc0) thrown at [D:\re\workspace\8-2-build-windows-amd64-cygwin\jdk8u92\6642\hotspot\sr=^À46Y¨?
Event: 0.048 Thread 0x0000000002860800 Exception <a 'java/lang/NoSuchMethodError': Method sun.misc.Unsafe.prefetchRead(Ljava/lang/Object;J)V name or signature does not match> (0x00000000eab07fa8) thrown at [D:\re\workspace\8-2-build-windows-amd64-cygwin\jdk8u92\6642\hotspot\src\share\vm\prims\j

Events (10 events):
Event: 4.798 Thread 0x0000000016bcf800 DEOPT UNPACKING pc=0x00000000029a582a sp=0x000000001725ea88 mode 2
Event: 4.805 Thread 0x0000000016bcf800 Uncommon trap: trap_request=0xffffff65 fr.pc=0x0000000002e98004
Event: 4.805 Thread 0x0000000016bcf800 DEOPT PACKING pc=0x0000000002e98004 sp=0x000000001725ead0
Event: 4.805 Thread 0x0000000016bcf800 DEOPT UNPACKING pc=0x00000000029a582a sp=0x000000001725eab8 mode 2
Event: 4.806 Thread 0x0000000016bcf800 Uncommon trap: trap_request=0xffffffc6 fr.pc=0x0000000003033454
Event: 4.806 Thread 0x0000000016bcf800 DEOPT PACKING pc=0x0000000003033454 sp=0x000000001725ea90
Event: 4.806 Thread 0x0000000016bcf800 DEOPT UNPACKING pc=0x00000000029a582a sp=0x000000001725ea58 mode 2
Event: 4.806 Thread 0x0000000016bcf800 Uncommon trap: trap_request=0xffffffc6 fr.pc=0x0000000003033454
Event: 4.806 Thread 0x0000000016bcf800 DEOPT PACKING pc=0x0000000003033454 sp=0x000000001725ea90
Event: 4.806 Thread 0x0000000016bcf800 DEOPT UNPACKING pc=0x00000000029a582a sp=0x000000001725ea58 mode 2


Dynamic libraries:
0x00007ff733f90000 - 0x00007ff733fc7000 	C:\Program Files\Java\jdk1.8.0_92\bin\java.exe
0x00007ff8d90c0000 - 0x00007ff8d9281000 	C:\Windows\SYSTEM32\ntdll.dll
0x00007ff8d8d90000 - 0x00007ff8d8e3d000 	C:\Windows\system32\KERNEL32.DLL
0x00007ff8d5b30000 - 0x00007ff8d5d18000 	C:\Windows\system32\KERNELBASE.dll
0x00007ff8d8200000 - 0x00007ff8d82a7000 	C:\Windows\system32\ADVAPI32.dll
0x00007ff8d8150000 - 0x00007ff8d81ed000 	C:\Windows\system32\msvcrt.dll
0x00007ff8d6500000 - 0x00007ff8d655b000 	C:\Windows\system32\sechost.dll
0x00007ff8d8e40000 - 0x00007ff8d8f5c000 	C:\Windows\system32\RPCRT4.dll
0x00007ff8d8f60000 - 0x00007ff8d90b6000 	C:\Windows\system32\USER32.dll
0x00007ff8d6580000 - 0x00007ff8d6706000 	C:\Windows\system32\GDI32.dll
0x00007ff8cdde0000 - 0x00007ff8ce054000 	C:\Windows\WinSxS\amd64_microsoft.windows.common-controls_6595b64144ccf1df_6.0.10586.589_none_a2ddb3caa539acce\COMCTL32.dll
0x00007ff8d88d0000 - 0x00007ff8d8b4d000 	C:\Windows\system32\combase.dll
0x00007ff8d5ac0000 - 0x00007ff8d5b2a000 	C:\Windows\system32\bcryptPrimitives.dll
0x00007ff8d64c0000 - 0x00007ff8d64fb000 	C:\Windows\system32\IMM32.DLL
0x00000000647a0000 - 0x0000000064872000 	C:\Program Files\Java\jdk1.8.0_92\jre\bin\msvcr100.dll
0x0000000064d10000 - 0x00000000655a6000 	C:\Program Files\Java\jdk1.8.0_92\jre\bin\server\jvm.dll
0x00007ff8d8d80000 - 0x00007ff8d8d88000 	C:\Windows\system32\PSAPI.DLL
0x00007ff8c9f40000 - 0x00007ff8c9f49000 	C:\Windows\SYSTEM32\WSOCK32.dll
0x00007ff8d8860000 - 0x00007ff8d88cb000 	C:\Windows\system32\WS2_32.dll
0x00007ff8d36f0000 - 0x00007ff8d3713000 	C:\Windows\SYSTEM32\WINMM.dll
0x00007ff8d3690000 - 0x00007ff8d36bc000 	C:\Windows\SYSTEM32\WINMMBASE.dll
0x00007ff8d5940000 - 0x00007ff8d5983000 	C:\Windows\system32\cfgmgr32.dll
0x00007ff8ccd10000 - 0x00007ff8ccd1a000 	C:\Windows\SYSTEM32\VERSION.dll
0x0000000064c20000 - 0x0000000064c2f000 	C:\Program Files\Java\jdk1.8.0_92\jre\bin\verify.dll
0x0000000064bf0000 - 0x0000000064c19000 	C:\Program Files\Java\jdk1.8.0_92\jre\bin\java.dll
0x0000000064bd0000 - 0x0000000064be6000 	C:\Program Files\Java\jdk1.8.0_92\jre\bin\zip.dll
0x00007ff8d6b80000 - 0x00007ff8d80dc000 	C:\Windows\system32\SHELL32.dll
0x00007ff8d5e70000 - 0x00007ff8d64b5000 	C:\Windows\system32\windows.storage.dll
0x00007ff8d8d10000 - 0x00007ff8d8d62000 	C:\Windows\system32\shlwapi.dll
0x00007ff8d5760000 - 0x00007ff8d576f000 	C:\Windows\system32\kernel.appcore.dll
0x00007ff8d5d20000 - 0x00007ff8d5dd5000 	C:\Windows\system32\shcore.dll
0x00007ff8d5700000 - 0x00007ff8d574b000 	C:\Windows\system32\powrprof.dll
0x00007ff8d56e0000 - 0x00007ff8d56f4000 	C:\Windows\system32\profapi.dll

VM Arguments:
jvm_args: -Djava.awt.headless=true -Xmx1024M -Dfile.encoding=windows-1252 -Duser.country=IN -Duser.language=en -Duser.variant 
java_command: com.android.dx.command.Main --dex --force-jumbo --num-threads=4 --multi-dex --output C:\Users\vihar\AndroidStudioProjects\Calculator\app\build\intermediates\transforms\dex\debug\folders\1000\10\com.android.support-appcompat-v7-23.4.0_8b05c54b63e12430e5c4615e5a968cbf6f70b950 C:\Users\vihar\AndroidStudioProjects\Calculator\app\build\intermediates\exploded-aar\com.android.support\appcompat-v7\23.4.0\jars\classes.jar
java_class_path (initial): D:\android-sdk\build-tools\23.0.3\lib\dx.jar
Launcher Type: SUN_STANDARD

Environment Variables:
PATH=C:\ProgramData\Oracle\Java\javapath;C:\Windows\system32;C:\Windows;C:\Windows\System32\Wbem;C:\Windows\System32\WindowsPowerShell\v1.0\;C:\Windows\system32\config\systemprofile\.dnx\bin;C:\Program Files\Microsoft DNX\Dnvm\;C:\Program Files\Microsoft SQL Server\130\Tools\Binn\;C:\Program Files\Git\cmd;C:\Program Files\nodejs\;C:\Users\tamanna\AppData\Roaming\npm;C:\Program Files (x86)\Skype\Phone\;C:\Program Files (x86)\Microsoft SQL Server\Client SDK\ODBC\130\Tools\Binn\;C:\Program Files (x86)\Microsoft SQL Server\130\Tools\Binn\;C:\Program Files (x86)\Microsoft SQL Server\130\DTS\Binn\;C:\Program Files (x86)\Microsoft SQL Server\130\Tools\Binn\ManagementStudio\
USERNAME=vihar
OS=Windows_NT
PROCESSOR_IDENTIFIER=Intel64 Family 6 Model 58 Stepping 9, GenuineIntel



---------------  S Y S T E M  ---------------

OS: Windows 10.0 , 64 bit Build 10586 (10.0.10586.589)

CPU:total 4 (2 cores per cpu, 2 threads per core) family 6 model 58 stepping 9, cmov, cx8, fxsr, mmx, sse, sse2, sse3, ssse3, sse4.1, sse4.2, popcnt, avx, clmul, erms, ht, tsc, tscinvbit, tscinv

Memory: 4k page, physical 8221020k(3085356k free), swap 12415324k(2795964k free)

vm_info: Java HotSpot(TM) 64-Bit Server VM (25.92-b14) for windows-amd64 JRE (1.8.0_92-b14), built on Mar 31 2016 21:03:04 by "java_re" with MS VC++ 10.0 (VS2010)

time: Wed Jan 18 16:21:35 2017
elapsed time: 4 seconds (0d 0h 0m 4s)

